Removed Pin From Net: NetName=GND Pin=Q1-
Change Component Designator: OldDesignator=C18 NewDesignator=C18_U_Connectors2
Change Component Designator: OldDesignator=J3 NewDesignator=J3_U_Connectors2
Change Component Designator: OldDesignator=J4 NewDesignator=J4_U_Connectors2
Change Component Designator: OldDesignator=R11 NewDesignator=R11_U_Connectors2
Added Component: Designator=C18_U_Connectors1(0805 Cap)
Add component (AddParameter): Name = "value"; Value = "2.2n"; VariantName = "[No Variations]"
Added Component: Designator=J3_U_Connectors1(0702461402)
Added Component: Designator=J4_U_Connectors1(61300411121)
Added Component: Designator=J5(61300411121)
Added Component: Designator=R11_U_Connectors1(RESC1608X06N)
Add component (AddParameter): Name = "value"; Value = "47K"; VariantName = "[No Variations]"
Added Pin To Net: NetName=GND Pin=C18_U_Connectors1-1
Added Pin To Net: NetName=+3.3V Pin=J3_U_Connectors1-4
Added Pin To Net: NetName=GND Pin=J3_U_Connectors1-9
Added Pin To Net: NetName=GND Pin=J4_U_Connectors1-4
Added Pin To Net: NetName=NetJ1_2 Pin=J5-1
Added Pin To Net: NetName=NetJ1_2 Pin=J5-2
Added Pin To Net: NetName=GND Pin=J5-3
Added Pin To Net: NetName=GND Pin=J5-4
Add Pin To Net: Unknown Pin: Pin Q1-2
Added Pin To Net: NetName=+3.3V Pin=R11_U_Connectors1-2
Change Net Name : Old Net Name=NetC18_2 New Net Name=NetC18_U_Connectors2_2
Change Net Name : Old Net Name=NetJ3_7 New Net Name=NetJ3_U_Connectors2_7
Change Net Name : Old Net Name=NetJ4_1 New Net Name=NetJ4_U_Connectors2_1
Change Net Name : Old Net Name=NetJ4_3 New Net Name=NetJ4_U_Connectors2_3
Added Pin To Net: NetName=NetC18_U_Connectors1_2 Pin=C18_U_Connectors1-2
Added Pin To Net: NetName=NetC18_U_Connectors1_2 Pin=J3_U_Connectors1-1
Added Pin To Net: NetName=NetC18_U_Connectors1_2 Pin=R11_U_Connectors1-1
Added Net: Name=NetC18_U_Connectors1_2
Added Pin To Net: NetName=NetJ3_U_Connectors1_7 Pin=J3_U_Connectors1-7
Added Net: Name=NetJ3_U_Connectors1_7
Added Pin To Net: NetName=NetJ4_U_Connectors1_1 Pin=J4_U_Connectors1-1
Added Net: Name=NetJ4_U_Connectors1_1
Added Pin To Net: NetName=NetJ4_U_Connectors1_3 Pin=J4_U_Connectors1-3
Added Net: Name=NetJ4_U_Connectors1_3
Change Class Name : Old Net Name=U_Connectors New Net Name=U_Connectors2
Added Class: Name=U_Connectors1
Added Class: Name=Connectors
Added Member To Class: ClassName=U_PowerDACSUB Member=Component J5 61300411121
