Change Component Designator: OldDesignator=C? NewDesignator=C1
Change Component Designator: OldDesignator=C? NewDesignator=C2
Change Component Designator: OldDesignator=C? NewDesignator=C3
Change Component Designator: OldDesignator=C? NewDesignator=C4
Change Component Designator: OldDesignator=C? NewDesignator=C5
Change Component Designator: OldDesignator=C? NewDesignator=C6
Change Component Designator: OldDesignator=C? NewDesignator=C7
Change Component Designator: OldDesignator=C? NewDesignator=C8
Change Component Designator: OldDesignator=C? NewDesignator=C9
Change Component Designator: OldDesignator=C? NewDesignator=C10
Change Component Designator: OldDesignator=J? NewDesignator=J1
Change Component Designator: OldDesignator=J? NewDesignator=J2
Change Component Designator: OldDesignator=J? NewDesignator=J3
Change Component Designator: OldDesignator=P? NewDesignator=P1
Change Component Designator: OldDesignator=R? NewDesignator=R2
Change Component Designator: OldDesignator=R? NewDesignator=R3
Change Component Designator: OldDesignator=R? NewDesignator=R4
Change Component Designator: OldDesignator=R? NewDesignator=R5
Change Component Designator: OldDesignator=R? NewDesignator=R6
Change Component Designator: OldDesignator=R? NewDesignator=R7
Change Component Designator: OldDesignator=R? NewDesignator=R8
Change Component Designator: OldDesignator=R? NewDesignator=R9
Change Component Designator: OldDesignator=R? NewDesignator=R10
Change Component Designator: OldDesignator=R? NewDesignator=R11
Change Component Designator: OldDesignator=R? NewDesignator=R12
Change Component Designator: OldDesignator=R? NewDesignator=R13
Change Component Designator: OldDesignator=R? NewDesignator=R14
Change Component Designator: OldDesignator=R? NewDesignator=R15
Change Component Designator: OldDesignator=R? NewDesignator=R16
Change Component Designator: OldDesignator=R? NewDesignator=R17
Change Component Designator: OldDesignator=R?R? NewDesignator=R1
Change Component Designator: OldDesignator=SW? NewDesignator=SW1
Change Component Designator: OldDesignator=SW? NewDesignator=SW2
Change Component Designator: OldDesignator=U? NewDesignator=U1
Change Component Designator: OldDesignator=U? NewDesignator=U2
Change Component Designator: OldDesignator=U? NewDesignator=U3
Added Pin To Net: NetName=5V Pin=J1-1
Added Pin To Net: NetName=GND Pin=J1-2
Change Net Name : Old Net Name=NetC?_1 New Net Name=NetC5_1
Change Net Name : Old Net Name=NetC?_2 New Net Name=NetC5_2
Change Net Name : Old Net Name=NetJ?_1 New Net Name=NetJ3_1
Change Net Name : Old Net Name=NetJ?_2 New Net Name=NetJ2_2
Change Net Name : Old Net Name=NetP?_1 New Net Name=NetP1_1
Change Net Name : Old Net Name=NetP?_2 New Net Name=NetP1_2
Change Net Name : Old Net Name=NetR?_1 New Net Name=NetR8_1
Change Net Name : Old Net Name=NetR?_2 New Net Name=NetR7_2
Added Pin To Net: NetName=NetC4_1 Pin=C4-1
Added Pin To Net: NetName=NetC4_1 Pin=R1-2
Added Pin To Net: NetName=NetC4_1 Pin=SW1-1
Added Pin To Net: NetName=NetC4_1 Pin=SW1-4
Added Pin To Net: NetName=NetC4_1 Pin=U1-3
Added Net: Name=NetC4_1
Added Pin To Net: NetName=NetC10_1 Pin=C10-1
Added Pin To Net: NetName=NetC10_1 Pin=R17-1
Added Pin To Net: NetName=NetC10_1 Pin=U3-7
Added Net: Name=NetC10_1
Added Pin To Net: NetName=NetJ2_1 Pin=J2-1
Added Pin To Net: NetName=NetJ2_1 Pin=R9-1
Added Net: Name=NetJ2_1
Added Pin To Net: NetName=NetJ3_2 Pin=J3-2
Added Pin To Net: NetName=NetJ3_2 Pin=R14-1
Added Net: Name=NetJ3_2
Added Pin To Net: NetName=NetR2_1 Pin=R2-1
Added Pin To Net: NetName=NetR2_1 Pin=U1-37
Added Net: Name=NetR2_1
Added Pin To Net: NetName=NetR2_2 Pin=R2-2
Added Pin To Net: NetName=NetR2_2 Pin=U2-10
Added Net: Name=NetR2_2
Added Pin To Net: NetName=NetR3_1 Pin=R3-1
Added Pin To Net: NetName=NetR3_1 Pin=U1-31
Added Net: Name=NetR3_1
Added Pin To Net: NetName=NetR3_2 Pin=R3-2
Added Pin To Net: NetName=NetR3_2 Pin=U2-9
Added Net: Name=NetR3_2
Added Pin To Net: NetName=NetR5_2 Pin=R5-2
Added Pin To Net: NetName=NetR5_2 Pin=U2-1
Added Net: Name=NetR5_2
Added Pin To Net: NetName=NetR6_1 Pin=R6-1
Added Pin To Net: NetName=NetR6_1 Pin=U1-29
Added Net: Name=NetR6_1
Added Pin To Net: NetName=NetR6_2 Pin=R6-2
Added Pin To Net: NetName=NetR6_2 Pin=U2-2
Added Net: Name=NetR6_2
Added Pin To Net: NetName=NetR11_2 Pin=R11-2
Added Pin To Net: NetName=NetR11_2 Pin=R15-2
Added Pin To Net: NetName=NetR11_2 Pin=U3-3
Added Net: Name=NetR11_2
Added Pin To Net: NetName=NetR13_1 Pin=R13-1
Added Pin To Net: NetName=NetR13_1 Pin=R16-2
Added Pin To Net: NetName=NetR13_1 Pin=U3-5
Added Net: Name=NetR13_1
Added Member To Class: ClassName=BoardDesign Member=Component C1 22uF
Added Member To Class: ClassName=BoardDesign Member=Component C3 100 nF/.1 uF
Added Member To Class: ClassName=BoardDesign Member=Component C4 100 nF/.1 uF
Added Member To Class: ClassName=BoardDesign Member=Component C5 100 nF/.1 uF
Added Member To Class: ClassName=BoardDesign Member=Component C6 100 nF/.1 uF
Added Member To Class: ClassName=BoardDesign Member=Component C7 10uF
Added Member To Class: ClassName=BoardDesign Member=Component C8 10uF
Added Member To Class: ClassName=BoardDesign Member=Component C9 100 nF/.1 uF
Added Member To Class: ClassName=BoardDesign Member=Component C10 4.7uF
Added Member To Class: ClassName=BoardDesign Member=Component J1 PJ-002B
Added Member To Class: ClassName=BoardDesign Member=Component J3 PREC003SAAN-RC
Added Member To Class: ClassName=BoardDesign Member=Component R2 50Ohm
Added Member To Class: ClassName=BoardDesign Member=Component R3 50Ohm
Added Member To Class: ClassName=BoardDesign Member=Component R4 10kR
Added Member To Class: ClassName=BoardDesign Member=Component R5 50Ohm
Added Member To Class: ClassName=BoardDesign Member=Component R6 50Ohm
Added Member To Class: ClassName=BoardDesign Member=Component R7 10kR
Added Member To Class: ClassName=BoardDesign Member=Component R8 10kR
Added Member To Class: ClassName=BoardDesign Member=Component R9 0R
Added Member To Class: ClassName=BoardDesign Member=Component R11 22.6K
Added Member To Class: ClassName=BoardDesign Member=Component R12 0R
Added Member To Class: ClassName=BoardDesign Member=Component R13 1.5 M
Added Member To Class: ClassName=BoardDesign Member=Component R14 0R
Added Member To Class: ClassName=BoardDesign Member=Component R15 100K
Added Member To Class: ClassName=BoardDesign Member=Component R16 100K
Added Member To Class: ClassName=BoardDesign Member=Component R17 22.1K
Added Member To Class: ClassName=BoardDesign Member=Component SW1 D6R90F1LFS
Added Member To Class: ClassName=BoardDesign Member=Component U2 ADS1018IDGSR
Added Member To Class: ClassName=BoardDesign Member=Component U3 TPS7A9401DSCR
