Removed Member From Class: ClassName=U_Connectors Member=J2
Added Component: Designator=C8(0805 Cap)
Add component (AddParameter): Name = "value"; Value = "0.1u"; VariantName = "[No Variations]"
Added Component: Designator=C9(0805 Cap)
Add component (AddParameter): Name = "value"; Value = "0.1u"; VariantName = "[No Variations]"
Added Component: Designator=J?(61300611121)
Added Component: Designator=R10(RESC1608X06N)
Add component (AddParameter): Name = "value"; Value = "10K"; VariantName = "[No Variations]"
Added Component: Designator=R11(RESC1608X06N)
Add component (AddParameter): Name = "value"; Value = "10K"; VariantName = "[No Variations]"
Added Component: Designator=R12(RESC1608X06N)
Add component (AddParameter): Name = "value"; Value = "10K"; VariantName = "[No Variations]"
Added Pin To Net: NetName=GND Pin=C8-1
Added Pin To Net: NetName=+5V Pin=C8-2
Added Pin To Net: NetName=NetC2_1 Pin=C9-1
Added Pin To Net: NetName=GND Pin=C9-2
Added Pin To Net: NetName=GND Pin=J4-4
Added Pin To Net: NetName=GND Pin=J?-6
Added Pin To Net: NetName=LDO_Button Pin=R10-1
Added Pin To Net: NetName=NetC2_1 Pin=R10-2
Added Pin To Net: NetName=Buck_Button Pin=R11-1
Added Pin To Net: NetName=NetC2_1 Pin=R11-2
Added Pin To Net: NetName=PS_Button Pin=R12-1
Added Pin To Net: NetName=NetC2_1 Pin=R12-2
Change Net Name : Old Net Name=NetC2_1 New Net Name=+3.3V
Added Pin To Net: NetName=NetJ?_1 Pin=J?-1
Added Pin To Net: NetName=NetJ?_1 Pin=U2-10
Added Net: Name=NetJ?_1
Added Pin To Net: NetName=NetJ?_2 Pin=J?-2
Added Pin To Net: NetName=NetJ?_2 Pin=U2-11
Added Net: Name=NetJ?_2
Added Pin To Net: NetName=NetJ?_3 Pin=J?-3
Added Pin To Net: NetName=NetJ?_3 Pin=U2-24
Added Net: Name=NetJ?_3
Added Pin To Net: NetName=NetJ?_4 Pin=J?-4
Added Pin To Net: NetName=NetJ?_4 Pin=U2-25
Added Net: Name=NetJ?_4
Added Member To Class: ClassName=U_Power Member=Component C8 0.1u
Added Member To Class: ClassName=U_Power Member=Component C9 0.1u
Added Member To Class: ClassName=U_Connectors Member=Component J? 61300611121
Added Member To Class: ClassName=U_MicroController Member=Component R10 10K
Added Member To Class: ClassName=U_MicroController Member=Component R11 10K
Added Member To Class: ClassName=U_MicroController Member=Component R12 10K
Added Rule: Name=Schematic Supply Nets_8
