Added Component: Designator=B1(FSM101)
Added Component: Designator=B2(FSM101)
Added Component: Designator=B3(FSM101)
Added Component: Designator=C1(0805 Cap)
Add component (AddParameter): Name = "value"; Value = "10u"; VariantName = "[No Variations]"
Added Component: Designator=C2(0805 Cap)
Add component (AddParameter): Name = "value"; Value = "10u"; VariantName = "[No Variations]"
Added Component: Designator=C3(0805 Cap)
Add component (AddParameter): Name = "value"; Value = "1u"; VariantName = "[No Variations]"
Added Component: Designator=C4(0805 Cap)
Add component (AddParameter): Name = "value"; Value = "4.7u"; VariantName = "[No Variations]"
Added Component: Designator=C5(0805 Cap)
Add component (AddParameter): Name = "value"; Value = "1u"; VariantName = "[No Variations]"
Added Component: Designator=C6(0805 Cap)
Add component (AddParameter): Name = "value"; Value = "0.1u"; VariantName = "[No Variations]"
Added Component: Designator=C7(0805 Cap)
Add component (AddParameter): Name = "value"; Value = "2.2n"; VariantName = "[No Variations]"
Added Component: Designator=J1(PJ-002B)
Added Component: Designator=J2(61300411121)
Added Component: Designator=J3(0702461402)
Added Component: Designator=J4(61300411121)
Added Component: Designator=LED1(150060VS75000)
Added Component: Designator=LED2(150060VS75000)
Added Component: Designator=LED3(150060VS75000)
Added Component: Designator=R1(RESC1608X06N)
Add component (AddParameter): Name = "value"; Value = "226k"; VariantName = "[No Variations]"
Added Component: Designator=R2(RESC1608X06N)
Add component (AddParameter): Name = "value"; Value = "100K"; VariantName = "[No Variations]"
Added Component: Designator=R3(RESC1608X06N)
Add component (AddParameter): Name = "value"; Value = "100K"; VariantName = "[No Variations]"
Added Component: Designator=R4(RESC1608X06N)
Add component (AddParameter): Name = "value"; Value = "22.1K"; VariantName = "[No Variations]"
Added Component: Designator=R5(RESC1608X06N)
Add component (AddParameter): Name = "value"; Value = "1.5M"; VariantName = "[No Variations]"
Added Component: Designator=R6(RESC1608X06N)
Add component (AddParameter): Name = "value"; Value = "64.9"; VariantName = "[No Variations]"
Added Component: Designator=R7(RESC1608X06N)
Add component (AddParameter): Name = "value"; Value = "64.9"; VariantName = "[No Variations]"
Added Component: Designator=R8(RESC1608X06N)
Add component (AddParameter): Name = "value"; Value = "64.9"; VariantName = "[No Variations]"
Added Component: Designator=R9(RESC1608X06N)
Add component (AddParameter): Name = "value"; Value = "47K"; VariantName = "[No Variations]"
Added Component: Designator=U1(TPS7A9401DSCR)
Add component (AddParameter): Name = "Manufacturer"; Value = "Texas Instruments"; VariantName = "[No Variations]"
Add component (AddParameter): Name = "Manufacturer PN"; Value = "TPS7A9401DSCR"; VariantName = "[No Variations]"
Added Component: Designator=U2(MSP430FR5969IRGZR)
Added Pin To Net: NetName=+5V Pin=C1-1
Added Pin To Net: NetName=+5V Pin=J1-1
Added Pin To Net: NetName=+5V Pin=R1-2
Added Pin To Net: NetName=+5V Pin=U1-1
Added Pin To Net: NetName=+5V Pin=U1-2
Added Net: Name=+5V
Added Pin To Net: NetName=Buck_Button Pin=B2-1
Added Pin To Net: NetName=Buck_Button Pin=B2-2
Added Pin To Net: NetName=Buck_Button Pin=U2-3
Added Net: Name=Buck_Button
Added Pin To Net: NetName=Buck_LED Pin=R7-1
Added Pin To Net: NetName=Buck_LED Pin=U2-6
Added Net: Name=Buck_LED
Added Pin To Net: NetName=GND Pin=B1-3
Added Pin To Net: NetName=GND Pin=B1-4
Added Pin To Net: NetName=GND Pin=B2-3
Added Pin To Net: NetName=GND Pin=B2-4
Added Pin To Net: NetName=GND Pin=B3-3
Added Pin To Net: NetName=GND Pin=B3-4
Added Pin To Net: NetName=GND Pin=C1-2
Added Pin To Net: NetName=GND Pin=C2-2
Added Pin To Net: NetName=GND Pin=C3-1
Added Pin To Net: NetName=GND Pin=C4-1
Added Pin To Net: NetName=GND Pin=C7-1
Added Pin To Net: NetName=GND Pin=J1-2
Added Pin To Net: NetName=GND Pin=J3-9
Added Pin To Net: NetName=GND Pin=LED1-1
Added Pin To Net: NetName=GND Pin=LED2-1
Added Pin To Net: NetName=GND Pin=LED3-1
Added Pin To Net: NetName=GND Pin=R2-1
Added Pin To Net: NetName=GND Pin=R3-2
Added Pin To Net: NetName=GND Pin=R4-1
Added Pin To Net: NetName=GND Pin=U1-4
Added Net: Name=GND
Added Pin To Net: NetName=LDO_Button Pin=B1-1
Added Pin To Net: NetName=LDO_Button Pin=B1-2
Added Pin To Net: NetName=LDO_Button Pin=U2-2
Added Net: Name=LDO_Button
Added Pin To Net: NetName=LDO_LED Pin=R6-1
Added Pin To Net: NetName=LDO_LED Pin=U2-5
Added Net: Name=LDO_LED
Added Pin To Net: NetName=NetC2_1 Pin=C2-1
Added Pin To Net: NetName=NetC2_1 Pin=C3-2
Added Pin To Net: NetName=NetC2_1 Pin=C5-2
Added Pin To Net: NetName=NetC2_1 Pin=C6-2
Added Pin To Net: NetName=NetC2_1 Pin=J3-4
Added Pin To Net: NetName=NetC2_1 Pin=R5-1
Added Pin To Net: NetName=NetC2_1 Pin=R9-2
Added Pin To Net: NetName=NetC2_1 Pin=U1-8
Added Pin To Net: NetName=NetC2_1 Pin=U1-9
Added Pin To Net: NetName=NetC2_1 Pin=U1-10
Added Pin To Net: NetName=NetC2_1 Pin=U2-37
Added Pin To Net: NetName=NetC2_1 Pin=U2-48
Added Net: Name=NetC2_1
Added Pin To Net: NetName=NetC4_2 Pin=C4-2
Added Pin To Net: NetName=NetC4_2 Pin=R4-2
Added Pin To Net: NetName=NetC4_2 Pin=U1-7
Added Net: Name=NetC4_2
Added Pin To Net: NetName=NetC5_1 Pin=C5-1
Added Pin To Net: NetName=NetC5_1 Pin=C6-1
Added Pin To Net: NetName=NetC5_1 Pin=U2-36
Added Pin To Net: NetName=NetC5_1 Pin=U2-44
Added Pin To Net: NetName=NetC5_1 Pin=U2-47
Added Net: Name=NetC5_1
Added Pin To Net: NetName=NetC7_2 Pin=C7-2
Added Pin To Net: NetName=NetC7_2 Pin=J3-1
Added Pin To Net: NetName=NetC7_2 Pin=R9-1
Added Pin To Net: NetName=NetC7_2 Pin=U2-23
Added Net: Name=NetC7_2
Added Pin To Net: NetName=NetJ2_1 Pin=J2-1
Added Pin To Net: NetName=NetJ2_1 Pin=U2-10
Added Net: Name=NetJ2_1
Added Pin To Net: NetName=NetJ2_2 Pin=J2-2
Added Pin To Net: NetName=NetJ2_2 Pin=U2-11
Added Net: Name=NetJ2_2
Added Pin To Net: NetName=NetJ2_3 Pin=J2-3
Added Pin To Net: NetName=NetJ2_3 Pin=U2-24
Added Net: Name=NetJ2_3
Added Pin To Net: NetName=NetJ2_4 Pin=J2-4
Added Pin To Net: NetName=NetJ2_4 Pin=U2-25
Added Net: Name=NetJ2_4
Added Pin To Net: NetName=NetJ3_7 Pin=J3-7
Added Pin To Net: NetName=NetJ3_7 Pin=U2-22
Added Net: Name=NetJ3_7
Added Pin To Net: NetName=NetJ4_1 Pin=J4-1
Added Pin To Net: NetName=NetJ4_1 Pin=U2-20
Added Net: Name=NetJ4_1
Added Pin To Net: NetName=NetJ4_3 Pin=J4-3
Added Pin To Net: NetName=NetJ4_3 Pin=U2-21
Added Net: Name=NetJ4_3
Added Pin To Net: NetName=NetLED1_2 Pin=LED1-2
Added Pin To Net: NetName=NetLED1_2 Pin=R6-2
Added Net: Name=NetLED1_2
Added Pin To Net: NetName=NetLED2_2 Pin=LED2-2
Added Pin To Net: NetName=NetLED2_2 Pin=R7-2
Added Net: Name=NetLED2_2
Added Pin To Net: NetName=NetLED3_2 Pin=LED3-2
Added Pin To Net: NetName=NetLED3_2 Pin=R8-2
Added Net: Name=NetLED3_2
Added Pin To Net: NetName=NetR1_1 Pin=R1-1
Added Pin To Net: NetName=NetR1_1 Pin=R2-2
Added Pin To Net: NetName=NetR1_1 Pin=U1-3
Added Net: Name=NetR1_1
Added Pin To Net: NetName=NetR3_1 Pin=R3-1
Added Pin To Net: NetName=NetR3_1 Pin=R5-2
Added Pin To Net: NetName=NetR3_1 Pin=U1-5
Added Net: Name=NetR3_1
Added Pin To Net: NetName=PS_Button Pin=B3-1
Added Pin To Net: NetName=PS_Button Pin=B3-2
Added Pin To Net: NetName=PS_Button Pin=U2-4
Added Net: Name=PS_Button
Added Pin To Net: NetName=PS_LED Pin=R8-1
Added Pin To Net: NetName=PS_LED Pin=U2-7
Added Net: Name=PS_LED
Added Class: Name=U_Connectors
Added Class: Name=U_MicroController
Added Class: Name=U_Power
Added Rule: Name=Schematic Supply Nets
Added Rule: Name=Schematic Supply Nets_1
Added Rule: Name=Schematic Supply Nets_2
Added Rule: Name=Schematic Supply Nets_3
Added Rule: Name=Schematic Supply Nets_4
Added Rule: Name=Schematic Supply Nets_5
Added Rule: Name=Schematic Supply Nets_6
Added Rule: Name=Schematic Supply Nets_7
