Change Component Footprint: Designator=Q1 Old Footprint=FP-318-MFG New Footprint=INF-PG-SOT23_M
Change Component Footprint: Designator=Q2 Old Footprint=FP-318-MFG New Footprint=INF-PG-SOT23_M
Change Component Footprint: Designator=Q3 Old Footprint=FP-318-MFG New Footprint=INF-PG-SOT23_M
Change Component Comment : Designator=Q1 Old Comment=2N7002MTF New Comment=2N7002
Change Component Comment : Designator=Q2 Old Comment=2N7002MTF New Comment=2N7002
Change Component Comment : Designator=Q3 Old Comment=2N7002MTF New Comment=2N7002
Change Managed Component Library Link : Designator=Q1 Old VaultGUID=B7D15EC3-160A-466F-A46C-7801FE6295A7 New VaultGUID=B7D15EC3-160A-466F-A46C-7801FE6295A7 Old ItemGUID=D6E7DAFD-25C6-434E-89F0-D7DF233C82CD New ItemGUID=C0FBE270-828C-4C77-8591-105028A663A1 Old RevisionGUID=CCE642A1-0935-4570-9B57-6F85839D74F8 New RevisionGUID=5169901C-CD1C-438C-8D14-0957F6C396E3
Change Managed Component Library Link : Designator=Q2 Old VaultGUID=B7D15EC3-160A-466F-A46C-7801FE6295A7 New VaultGUID=B7D15EC3-160A-466F-A46C-7801FE6295A7 Old ItemGUID=D6E7DAFD-25C6-434E-89F0-D7DF233C82CD New ItemGUID=C0FBE270-828C-4C77-8591-105028A663A1 Old RevisionGUID=CCE642A1-0935-4570-9B57-6F85839D74F8 New RevisionGUID=5169901C-CD1C-438C-8D14-0957F6C396E3
Change Managed Component Library Link : Designator=Q3 Old VaultGUID=B7D15EC3-160A-466F-A46C-7801FE6295A7 New VaultGUID=B7D15EC3-160A-466F-A46C-7801FE6295A7 Old ItemGUID=D6E7DAFD-25C6-434E-89F0-D7DF233C82CD New ItemGUID=C0FBE270-828C-4C77-8591-105028A663A1 Old RevisionGUID=CCE642A1-0935-4570-9B57-6F85839D74F8 New RevisionGUID=5169901C-CD1C-438C-8D14-0957F6C396E3
Change component parameters: Designator = "Q1" ("Q1"); Footprint = "FP-318-MFG"; UniqueID = "\QIOPVOSI" ("\QIOPVOSI")
Change component parameters (AddParameter): Name = "ComponentLink1Description"; Value = "Manufacturer URL"; VariantName = "[No Variations]"
Change component parameters (AddParameter): Name = "ComponentLink1URL"; Value = "http://www.infineon.com/"; VariantName = "[No Variations]"
Change component parameters (AddParameter): Name = "ComponentLink2Description"; Value = "Datasheet"; VariantName = "[No Variations]"
Change component parameters (AddParameter): Name = "ComponentLink2URL"; Value = "http://www.infineon.com/dgdl/2N7002_Rev2.4.pdf?folderId=db3a3043156fd573011622e10b5c1f67&fileId=db3a304319bc939a0119c2a9461e79e6"; VariantName = "[No Variations]"
Change component parameters (AddParameter): Name = "ComponentLink3Description"; Value = "Package Specification"; VariantName = "[No Variations]"
Change component parameters (AddParameter): Name = "ComponentLink3URL"; Value = "http://www.infineon.com/dgdl/SOT23-Package_Overview.pdf?folderId=db3a30431936bc4b0119532290053c66&fileId=db3a30431936bc4b0119533468123c85"; VariantName = "[No Variations]"
Change component parameters (AddParameter): Name = "DatasheetVersion"; Value = "Rev. 2.4"; VariantName = "[No Variations]"
Change component parameters (AddParameter): Name = "Green"; Value = "TRUE"; VariantName = "[No Variations]"
Change component parameters (AddParameter): Name = "Halogen-free"; Value = "TRUE"; VariantName = "[No Variations]"
Change component parameters (AddParameter): Name = "ID (max)"; Value = "0.3 A"; VariantName = "[No Variations]"
Change component parameters (AddParameter): Name = "IDpuls (max)"; Value = "1.2 A"; VariantName = "[No Variations]"
Change component parameters (AddParameter): Name = "Manufacturer"; Value = "Infineon"; VariantName = "[No Variations]"
Change component parameters (AddParameter): Name = "Mounting Technology"; Value = "Surface Mount"; VariantName = "[No Variations]"
Change component parameters (AddParameter): Name = "PackageDescription"; Value = "3-Pin Small Outline Transistor Package, 2.9 x 1.3 mm Body, 0.95 mm Pitch"; VariantName = "[No Variations]"
Change component parameters (AddParameter): Name = "PackageReference"; Value = "PG-SOT23"; VariantName = "[No Variations]"
Change component parameters (AddParameter): Name = "PackageVersion"; Value = "Apr-08"; VariantName = "[No Variations]"
Change component parameters (AddParameter): Name = "Packing"; Value = "Reel"; VariantName = "[No Variations]"
Change component parameters (AddParameter): Name = "PartNumber"; Value = "2N7002"; VariantName = "[No Variations]"
Change component parameters (AddParameter): Name = "Ptot (max)"; Value = "0.5 W"; VariantName = "[No Variations]"
Change component parameters (AddParameter): Name = "QG"; Value = "0.4 nC"; VariantName = "[No Variations]"
Change component parameters (AddParameter): Name = "RDS (on) (max)"; Value = "3,000 mOhm"; VariantName = "[No Variations]"
Change component parameters (AddParameter): Name = "RDS (on) (max) (@4.5V)"; Value = "4,000 mOhm"; VariantName = "[No Variations]"
Change component parameters (AddParameter): Name = "RthJA (max)"; Value = "250 K/W"; VariantName = "[No Variations]"
Change component parameters (AddParameter): Name = "VDS (max)"; Value = "60 V"; VariantName = "[No Variations]"
Change component parameters (AddParameter): Name = "VGS(th) (max)"; Value = "2.5 V"; VariantName = "[No Variations]"
Change component parameters (AddParameter): Name = "VGS(th) (min)"; Value = "1.5 V"; VariantName = "[No Variations]"
Change component parameters: Designator = "Q2" ("Q2"); Footprint = "FP-318-MFG"; UniqueID = "\FYGYDOFD" ("\FYGYDOFD")
Change component parameters (AddParameter): Name = "ComponentLink1Description"; Value = "Manufacturer URL"; VariantName = "[No Variations]"
Change component parameters (AddParameter): Name = "ComponentLink1URL"; Value = "http://www.infineon.com/"; VariantName = "[No Variations]"
Change component parameters (AddParameter): Name = "ComponentLink2Description"; Value = "Datasheet"; VariantName = "[No Variations]"
Change component parameters (AddParameter): Name = "ComponentLink2URL"; Value = "http://www.infineon.com/dgdl/2N7002_Rev2.4.pdf?folderId=db3a3043156fd573011622e10b5c1f67&fileId=db3a304319bc939a0119c2a9461e79e6"; VariantName = "[No Variations]"
Change component parameters (AddParameter): Name = "ComponentLink3Description"; Value = "Package Specification"; VariantName = "[No Variations]"
Change component parameters (AddParameter): Name = "ComponentLink3URL"; Value = "http://www.infineon.com/dgdl/SOT23-Package_Overview.pdf?folderId=db3a30431936bc4b0119532290053c66&fileId=db3a30431936bc4b0119533468123c85"; VariantName = "[No Variations]"
Change component parameters (AddParameter): Name = "DatasheetVersion"; Value = "Rev. 2.4"; VariantName = "[No Variations]"
Change component parameters (AddParameter): Name = "Green"; Value = "TRUE"; VariantName = "[No Variations]"
Change component parameters (AddParameter): Name = "Halogen-free"; Value = "TRUE"; VariantName = "[No Variations]"
Change component parameters (AddParameter): Name = "ID (max)"; Value = "0.3 A"; VariantName = "[No Variations]"
Change component parameters (AddParameter): Name = "IDpuls (max)"; Value = "1.2 A"; VariantName = "[No Variations]"
Change component parameters (AddParameter): Name = "Manufacturer"; Value = "Infineon"; VariantName = "[No Variations]"
Change component parameters (AddParameter): Name = "Mounting Technology"; Value = "Surface Mount"; VariantName = "[No Variations]"
Change component parameters (AddParameter): Name = "PackageDescription"; Value = "3-Pin Small Outline Transistor Package, 2.9 x 1.3 mm Body, 0.95 mm Pitch"; VariantName = "[No Variations]"
Change component parameters (AddParameter): Name = "PackageReference"; Value = "PG-SOT23"; VariantName = "[No Variations]"
Change component parameters (AddParameter): Name = "PackageVersion"; Value = "Apr-08"; VariantName = "[No Variations]"
Change component parameters (AddParameter): Name = "Packing"; Value = "Reel"; VariantName = "[No Variations]"
Change component parameters (AddParameter): Name = "PartNumber"; Value = "2N7002"; VariantName = "[No Variations]"
Change component parameters (AddParameter): Name = "Ptot (max)"; Value = "0.5 W"; VariantName = "[No Variations]"
Change component parameters (AddParameter): Name = "QG"; Value = "0.4 nC"; VariantName = "[No Variations]"
Change component parameters (AddParameter): Name = "RDS (on) (max)"; Value = "3,000 mOhm"; VariantName = "[No Variations]"
Change component parameters (AddParameter): Name = "RDS (on) (max) (@4.5V)"; Value = "4,000 mOhm"; VariantName = "[No Variations]"
Change component parameters (AddParameter): Name = "RthJA (max)"; Value = "250 K/W"; VariantName = "[No Variations]"
Change component parameters (AddParameter): Name = "VDS (max)"; Value = "60 V"; VariantName = "[No Variations]"
Change component parameters (AddParameter): Name = "VGS(th) (max)"; Value = "2.5 V"; VariantName = "[No Variations]"
Change component parameters (AddParameter): Name = "VGS(th) (min)"; Value = "1.5 V"; VariantName = "[No Variations]"
Change component parameters: Designator = "Q3" ("Q3"); Footprint = "FP-318-MFG"; UniqueID = "\VQLOUJEO" ("\VQLOUJEO")
Change component parameters (AddParameter): Name = "ComponentLink1Description"; Value = "Manufacturer URL"; VariantName = "[No Variations]"
Change component parameters (AddParameter): Name = "ComponentLink1URL"; Value = "http://www.infineon.com/"; VariantName = "[No Variations]"
Change component parameters (AddParameter): Name = "ComponentLink2Description"; Value = "Datasheet"; VariantName = "[No Variations]"
Change component parameters (AddParameter): Name = "ComponentLink2URL"; Value = "http://www.infineon.com/dgdl/2N7002_Rev2.4.pdf?folderId=db3a3043156fd573011622e10b5c1f67&fileId=db3a304319bc939a0119c2a9461e79e6"; VariantName = "[No Variations]"
Change component parameters (AddParameter): Name = "ComponentLink3Description"; Value = "Package Specification"; VariantName = "[No Variations]"
Change component parameters (AddParameter): Name = "ComponentLink3URL"; Value = "http://www.infineon.com/dgdl/SOT23-Package_Overview.pdf?folderId=db3a30431936bc4b0119532290053c66&fileId=db3a30431936bc4b0119533468123c85"; VariantName = "[No Variations]"
Change component parameters (AddParameter): Name = "DatasheetVersion"; Value = "Rev. 2.4"; VariantName = "[No Variations]"
Change component parameters (AddParameter): Name = "Green"; Value = "TRUE"; VariantName = "[No Variations]"
Change component parameters (AddParameter): Name = "Halogen-free"; Value = "TRUE"; VariantName = "[No Variations]"
Change component parameters (AddParameter): Name = "ID (max)"; Value = "0.3 A"; VariantName = "[No Variations]"
Change component parameters (AddParameter): Name = "IDpuls (max)"; Value = "1.2 A"; VariantName = "[No Variations]"
Change component parameters (AddParameter): Name = "Manufacturer"; Value = "Infineon"; VariantName = "[No Variations]"
Change component parameters (AddParameter): Name = "Mounting Technology"; Value = "Surface Mount"; VariantName = "[No Variations]"
Change component parameters (AddParameter): Name = "PackageDescription"; Value = "3-Pin Small Outline Transistor Package, 2.9 x 1.3 mm Body, 0.95 mm Pitch"; VariantName = "[No Variations]"
Change component parameters (AddParameter): Name = "PackageReference"; Value = "PG-SOT23"; VariantName = "[No Variations]"
Change component parameters (AddParameter): Name = "PackageVersion"; Value = "Apr-08"; VariantName = "[No Variations]"
Change component parameters (AddParameter): Name = "Packing"; Value = "Reel"; VariantName = "[No Variations]"
Change component parameters (AddParameter): Name = "PartNumber"; Value = "2N7002"; VariantName = "[No Variations]"
Change component parameters (AddParameter): Name = "Ptot (max)"; Value = "0.5 W"; VariantName = "[No Variations]"
Change component parameters (AddParameter): Name = "QG"; Value = "0.4 nC"; VariantName = "[No Variations]"
Change component parameters (AddParameter): Name = "RDS (on) (max)"; Value = "3,000 mOhm"; VariantName = "[No Variations]"
Change component parameters (AddParameter): Name = "RDS (on) (max) (@4.5V)"; Value = "4,000 mOhm"; VariantName = "[No Variations]"
Change component parameters (AddParameter): Name = "RthJA (max)"; Value = "250 K/W"; VariantName = "[No Variations]"
Change component parameters (AddParameter): Name = "VDS (max)"; Value = "60 V"; VariantName = "[No Variations]"
Change component parameters (AddParameter): Name = "VGS(th) (max)"; Value = "2.5 V"; VariantName = "[No Variations]"
Change component parameters (AddParameter): Name = "VGS(th) (min)"; Value = "1.5 V"; VariantName = "[No Variations]"
